<?xml version="1.0" encoding="UTF-8"?>
<!-- Generated by org.testng.reporters.JUnitReportReporter -->
<testsuite skipped="0" hostname="nitin-PC" name="rahulshettyacademy.tests.ErrorValidations" tests="2" failures="0" timestamp="2024-05-28T10:37:01 IST" time="25.710" errors="0">
  <testcase name="LoginErrorValidation" time="10.975" classname="rahulshettyacademy.tests.ErrorValidations"/>
  <system-out/>
  <testcase name="ProductErrorValidation" time="14.735" classname="rahulshettyacademy.tests.ErrorValidations"/>
  <system-out/>
</testsuite> <!-- rahulshettyacademy.tests.ErrorValidations -->
