<?xml version="1.0" encoding="UTF-8"?>
<!-- Generated by org.testng.reporters.JUnitReportReporter -->
<testsuite skipped="0" hostname="nitin-PC" name="rahulshettyacademy.tests.SubmitOrderTest" tests="3" failures="0" timestamp="2024-05-29T17:45:35 IST" time="43.310" errors="0">
  <testcase name="submitOrder" time="15.244" classname="rahulshettyacademy.tests.SubmitOrderTest"/>
  <system-out/>
  <testcase name="OrderHistoryTest" time="14.619" classname="rahulshettyacademy.tests.SubmitOrderTest"/>
  <system-out/>
  <testcase name="submitOrder" time="13.447" classname="rahulshettyacademy.tests.SubmitOrderTest"/>
  <system-out/>
</testsuite> <!-- rahulshettyacademy.tests.SubmitOrderTest -->
